This is pdfTeX, Version 3.14159265-2.6-1.40.17 (TeX Live 2016/Arch Linux) (preloaded format=pdflatex 2017.1.25)  25 JAN 2017 09:36
entering extended mode
 restricted \write18 enabled.
 %&-line parsing enabled.
**lexample.tex
(./lexample.tex
LaTeX2e <2016/03/31> patch level 3
Babel <3.9r> and hyphenation patterns for 83 language(s) loaded.
(./siamltex.cls
Document Class: siamltex 1996/10/11 v1.2 LaTeX document class
(/usr/share/texmf-dist/tex/latex/base/leqno.clo
File: leqno.clo 2015/03/31 v1.1i Standard LaTeX option (left equation numbers)
)
(/usr/share/texmf-dist/tex/latex/base/leqno.clo
File: leqno.clo 2015/03/31 v1.1i Standard LaTeX option (left equation numbers)
) (./siam10.clo
File: siam10.clo 1994/10/01 v1.0 SIAM LaTeX file (size option)
)
\c@section=\count79
\c@subsection=\count80
\c@subsubsection=\count81
\c@paragraph=\count82
\c@subparagraph=\count83
\c@rmnum=\count84
\c@muni=\count85
\c@theorem=\count86
\c@figure=\count87
\c@table=\count88
\abovecaptionskip=\skip41
\belowcaptionskip=\skip42
\bibindent=\dimen102
)
(/usr/share/texmf-dist/tex/latex/amsmath/amsmath.sty
Package: amsmath 2016/06/28 v2.15d AMS math features
\@mathmargin=\skip43

For additional information on amsmath, use the `?' option.
(/usr/share/texmf-dist/tex/latex/amsmath/amstext.sty
Package: amstext 2000/06/29 v2.01 AMS text

(/usr/share/texmf-dist/tex/latex/amsmath/amsgen.sty
File: amsgen.sty 1999/11/30 v2.0 generic functions
\@emptytoks=\toks14
\ex@=\dimen103
))
(/usr/share/texmf-dist/tex/latex/amsmath/amsbsy.sty
Package: amsbsy 1999/11/29 v1.2d Bold Symbols
\pmbraise@=\dimen104
)
(/usr/share/texmf-dist/tex/latex/amsmath/amsopn.sty
Package: amsopn 2016/03/08 v2.02 operator names
)
\inf@bad=\count89
LaTeX Info: Redefining \frac on input line 199.
\uproot@=\count90
\leftroot@=\count91
LaTeX Info: Redefining \overline on input line 297.
\classnum@=\count92
\DOTSCASE@=\count93
LaTeX Info: Redefining \ldots on input line 394.
LaTeX Info: Redefining \dots on input line 397.
LaTeX Info: Redefining \cdots on input line 518.
\Mathstrutbox@=\box26
\strutbox@=\box27
\big@size=\dimen105
LaTeX Font Info:    Redeclaring font encoding OML on input line 634.
LaTeX Font Info:    Redeclaring font encoding OMS on input line 635.
\macc@depth=\count94
\c@MaxMatrixCols=\count95
\dotsspace@=\muskip10
\c@parentequation=\count96
\dspbrk@lvl=\count97
\tag@help=\toks15
\row@=\count98
\column@=\count99
\maxfields@=\count100
\andhelp@=\toks16
\eqnshift@=\dimen106
\alignsep@=\dimen107
\tagshift@=\dimen108
\tagwidth@=\dimen109
\totwidth@=\dimen110
\lineht@=\dimen111
\@envbody=\toks17
\multlinegap=\skip44
\multlinetaggap=\skip45
\mathdisplay@stack=\toks18
LaTeX Info: Redefining \[ on input line 2739.
LaTeX Info: Redefining \] on input line 2740.
)
(/usr/share/texmf-dist/tex/latex/svg/svg.sty
Package: svg 2012/09/05 v1.0 SVG inclusion and extraction

(/usr/share/texmf-dist/tex/latex/xkeyval/xkeyval.sty
Package: xkeyval 2014/12/03 v2.7a package option processing (HA)

(/usr/share/texmf-dist/tex/generic/xkeyval/xkeyval.tex
(/usr/share/texmf-dist/tex/generic/xkeyval/xkvutils.tex
\XKV@toks=\toks19
\XKV@tempa@toks=\toks20

(/usr/share/texmf-dist/tex/generic/xkeyval/keyval.tex))
\XKV@depth=\count101
File: xkeyval.tex 2014/12/03 v2.7a key=value parser (HA)
))
(/usr/share/texmf-dist/tex/latex/subfig/subfig.sty
Package: subfig 2005/06/28 ver: 1.3 subfig package

(/usr/share/texmf-dist/tex/latex/caption/caption.sty
Package: caption 2016/02/21 v3.3-144 Customizing captions (AR)

(/usr/share/texmf-dist/tex/latex/caption/caption3.sty
Package: caption3 2016/05/22 v1.7-166 caption3 kernel (AR)
Package caption3 Info: TeX engine: e-TeX on input line 67.
\captionmargin=\dimen112
\captionmargin@=\dimen113
\captionwidth=\dimen114
\caption@tempdima=\dimen115
\caption@indent=\dimen116
\caption@parindent=\dimen117
\caption@hangindent=\dimen118
Package caption Info: Unknown document class (or package),
(caption)             standard defaults will be used.
)

Package caption Warning: Unsupported document class (or package) detected,
(caption)                usage of the caption package is not recommended.
See the caption package documentation for explanation.

Package caption Info: \@makecaption = \long macro:#1#2->\footnotesize \setlengt
h {\parindent }{1.5pc} \ifx \@captype \@figtxt \vskip \abovecaptionskip \setbox
 \@tempboxa \hbox {{\normalfont \scshape #1}. {\normalfont \itshape #2}}\ifdim 
\wd \@tempboxa >\hsize {\normalfont \scshape #1}. {\normalfont \itshape #2}\par
 \else \global \@minipagefalse \hb@xt@ \hsize {\hfil \box \@tempboxa \hfil }\fi
 \else \hbox to\hsize {\hfil {\normalfont \scshape #1}\hfil }\setbox \@tempboxa
 \hbox {{\normalfont \itshape #2}}\ifdim \wd \@tempboxa >\hsize {\normalfont \i
tshape #2}\par \else \global \@minipagefalse \hb@xt@ \hsize {\hfil \box \@tempb
oxa \hfil }\fi \vskip \belowcaptionskip \fi .
\c@ContinuedFloat=\count102
)
\c@KVtest=\count103
\sf@farskip=\skip46
\sf@captopadj=\dimen119
\sf@capskip=\skip47
\sf@nearskip=\skip48
\c@subfigure=\count104
\c@subfigure@save=\count105
\c@lofdepth=\count106
\c@subtable=\count107
\c@subtable@save=\count108
\c@lotdepth=\count109
\sf@top=\skip49
\sf@bottom=\skip50
) (/usr/share/texmf-dist/tex/latex/import/import.sty
Package: import 2009/03/23  v 5.1
)
(/usr/share/texmf-dist/tex/latex/graphics/graphicx.sty
Package: graphicx 2014/10/28 v1.0g Enhanced LaTeX Graphics (DPC,SPQR)

(/usr/share/texmf-dist/tex/latex/graphics/graphics.sty
Package: graphics 2016/07/10 v1.0t Standard LaTeX Graphics (DPC,SPQR)

(/usr/share/texmf-dist/tex/latex/graphics/trig.sty
Package: trig 2016/01/03 v1.10 sin cos tan (DPC)
)
(/usr/share/texmf-dist/tex/latex/graphics-cfg/graphics.cfg
File: graphics.cfg 2016/06/04 v1.11 sample graphics configuration
)
Package graphics Info: Driver file: pdftex.def on input line 99.

(/usr/share/texmf-dist/tex/latex/graphics-def/pdftex.def
File: pdftex.def 2016/07/10 v0.06j Graphics/color for pdfTeX

(/usr/share/texmf-dist/tex/generic/oberdiek/infwarerr.sty
Package: infwarerr 2016/05/16 v1.4 Providing info/warning/error messages (HO)
)
(/usr/share/texmf-dist/tex/generic/oberdiek/ltxcmds.sty
Package: ltxcmds 2016/05/16 v1.23 LaTeX kernel commands for general use (HO)
)
\Gread@gobject=\count110
))
\Gin@req@height=\dimen120
\Gin@req@width=\dimen121
)
(/usr/share/texmf-dist/tex/latex/oberdiek/transparent.sty
Package: transparent 2016/05/16 v1.1 Transparency via pdfTeX's color stack (HO)


(/usr/share/texmf-dist/tex/generic/oberdiek/ifpdf.sty
Package: ifpdf 2016/05/14 v3.1 Provides the ifpdf switch
)
(/usr/share/texmf-dist/tex/latex/oberdiek/auxhook.sty
Package: auxhook 2016/05/16 v1.4 Hooks for auxiliary files (HO)
))
(/usr/share/texmf-dist/tex/latex/xcolor/xcolor.sty
Package: xcolor 2016/05/11 v2.12 LaTeX color extensions (UK)

(/usr/share/texmf-dist/tex/latex/graphics-cfg/color.cfg
File: color.cfg 2016/01/02 v1.6 sample color configuration
)
Package xcolor Info: Driver file: pdftex.def on input line 225.
Package xcolor Info: Model `cmy' substituted by `cmy0' on input line 1348.
Package xcolor Info: Model `hsb' substituted by `rgb' on input line 1352.
Package xcolor Info: Model `RGB' extended on input line 1364.
Package xcolor Info: Model `HTML' substituted by `rgb' on input line 1366.
Package xcolor Info: Model `Hsb' substituted by `hsb' on input line 1367.
Package xcolor Info: Model `tHsb' substituted by `hsb' on input line 1368.
Package xcolor Info: Model `HSB' substituted by `hsb' on input line 1369.
Package xcolor Info: Model `Gray' substituted by `gray' on input line 1370.
Package xcolor Info: Model `wave' substituted by `hsb' on input line 1371.
)
\SVG@out@width=\skip51
\SVG@out@height=\skip52
\c@svgfigure=\count111
)
(/usr/share/texmf-dist/tex/latex/oberdiek/pdflscape.sty
Package: pdflscape 2016/05/14 v0.11 Display of landscape pages in PDF (HO)

(/usr/share/texmf-dist/tex/latex/graphics/lscape.sty
Package: lscape 2000/10/22 v3.01 Landscape Pages (DPC)
)
Package pdflscape Info: Auto-detected driver: pdftex on input line 81.

(/usr/share/texmf-dist/tex/generic/ifxetex/ifxetex.sty
Package: ifxetex 2010/09/12 v0.6 Provides ifxetex conditional
))
(/usr/share/texmf-dist/tex/latex/mathtools/mathtools.sty
Package: mathtools 2015/11/12 v1.18 mathematical typesetting tools

(/usr/share/texmf-dist/tex/latex/tools/calc.sty
Package: calc 2014/10/28 v4.3 Infix arithmetic (KKT,FJ)
\calc@Acount=\count112
\calc@Bcount=\count113
\calc@Adimen=\dimen122
\calc@Bdimen=\dimen123
\calc@Askip=\skip53
\calc@Bskip=\skip54
LaTeX Info: Redefining \setlength on input line 80.
LaTeX Info: Redefining \addtolength on input line 81.
\calc@Ccount=\count114
\calc@Cskip=\skip55
)
(/usr/share/texmf-dist/tex/latex/mathtools/mhsetup.sty
Package: mhsetup 2010/01/21 v1.2a programming setup (MH)
)
LaTeX Info: Thecontrolsequence`\('isalreadyrobust on input line 129.
LaTeX Info: Thecontrolsequence`\)'isalreadyrobust on input line 129.
LaTeX Info: Thecontrolsequence`\['isalreadyrobust on input line 129.
LaTeX Info: Thecontrolsequence`\]'isalreadyrobust on input line 129.
\g_MT_multlinerow_int=\count115
\l_MT_multwidth_dim=\dimen124
\origjot=\skip56
\l_MT_shortvdotswithinadjustabove_dim=\dimen125
\l_MT_shortvdotswithinadjustbelow_dim=\dimen126
\l_MT_above_intertext_sep=\dimen127
\l_MT_below_intertext_sep=\dimen128
\l_MT_above_shortintertext_sep=\dimen129
\l_MT_below_shortintertext_sep=\dimen130
)
(/usr/share/texmf-dist/tex/latex/algorithms/algorithm.sty
Package: algorithm 2009/08/24 v0.1 Document Style `algorithm' - floating enviro
nment

(/usr/share/texmf-dist/tex/latex/float/float.sty
Package: float 2001/11/08 v1.3d Float enhancements (AL)
\c@float@type=\count116
\float@exts=\toks21
\float@box=\box28
\@float@everytoks=\toks22
\@floatcapt=\box29
)
(/usr/share/texmf-dist/tex/latex/base/ifthen.sty
Package: ifthen 2014/09/29 v1.1c Standard LaTeX ifthen package (DPC)
)
\@float@every@algorithm=\toks23
\c@algorithm=\count117
)
(/usr/share/texmf-dist/tex/latex/algorithmicx/algpseudocode.sty
Package: algpseudocode 

(/usr/share/texmf-dist/tex/latex/algorithmicx/algorithmicx.sty
Package: algorithmicx 2005/04/27 v1.2 Algorithmicx

Document Style algorithmicx 1.2 - a greatly improved `algorithmic' style
\c@ALG@line=\count118
\c@ALG@rem=\count119
\c@ALG@nested=\count120
\ALG@tlm=\skip57
\ALG@thistlm=\skip58
\c@ALG@Lnr=\count121
\c@ALG@blocknr=\count122
\c@ALG@storecount=\count123
\c@ALG@tmpcounter=\count124
\ALG@tmplength=\skip59
)
Document Style - pseudocode environments for use with the `algorithmicx' style
) (/usr/share/texmf-dist/tex/latex/soul/soul.sty
Package: soul 2003/11/17 v2.4 letterspacing/underlining (mf)
\SOUL@word=\toks24
\SOUL@lasttoken=\toks25
\SOUL@cmds=\toks26
\SOUL@buffer=\toks27
\SOUL@token=\toks28
\SOUL@spaceskip=\skip60
\SOUL@ttwidth=\dimen131
\SOUL@uldp=\dimen132
\SOUL@ulht=\dimen133
) (./lexample.aux)
\openout1 = `lexample.aux'.

LaTeX Font Info:    Checking defaults for OML/cmm/m/it on input line 104.
LaTeX Font Info:    ... okay on input line 104.
LaTeX Font Info:    Checking defaults for T1/cmr/m/n on input line 104.
LaTeX Font Info:    ... okay on input line 104.
LaTeX Font Info:    Checking defaults for OT1/cmr/m/n on input line 104.
LaTeX Font Info:    ... okay on input line 104.
LaTeX Font Info:    Checking defaults for OMS/cmsy/m/n on input line 104.
LaTeX Font Info:    ... okay on input line 104.
LaTeX Font Info:    Checking defaults for OMX/cmex/m/n on input line 104.
LaTeX Font Info:    ... okay on input line 104.
LaTeX Font Info:    Checking defaults for U/cmr/m/n on input line 104.
LaTeX Font Info:    ... okay on input line 104.
Package caption Info: Begin \AtBeginDocument code.
Package caption Info: subfig package v1.3 is loaded.
Package caption Info: float package is loaded.
Package caption Info: End \AtBeginDocument code.

(/usr/share/texmf-dist/tex/context/base/mkii/supp-pdf.mkii
[Loading MPS to PDF converter (version 2006.09.02).]
\scratchcounter=\count125
\scratchdimen=\dimen134
\scratchbox=\box30
\nofMPsegments=\count126
\nofMParguments=\count127
\everyMPshowfont=\toks29
\MPscratchCnt=\count128
\MPscratchDim=\dimen135
\MPnumerator=\count129
\makeMPintoPDFobject=\count130
\everyMPtoPDFconversion=\toks30
) (/usr/share/texmf-dist/tex/generic/oberdiek/pdftexcmds.sty
Package: pdftexcmds 2016/05/21 v0.22 Utility functions of pdfTeX for LuaTeX (HO
)

(/usr/share/texmf-dist/tex/generic/oberdiek/ifluatex.sty
Package: ifluatex 2016/05/16 v1.4 Provides the ifluatex switch (HO)
Package ifluatex Info: LuaTeX not detected.
)
Package pdftexcmds Info: LuaTeX not detected.
Package pdftexcmds Info: \pdf@primitive is available.
Package pdftexcmds Info: \pdf@ifprimitive is available.
Package pdftexcmds Info: \pdfdraftmode found.
)
(/usr/share/texmf-dist/tex/latex/oberdiek/epstopdf-base.sty
Package: epstopdf-base 2016/05/15 v2.6 Base part for package epstopdf

(/usr/share/texmf-dist/tex/latex/oberdiek/grfext.sty
Package: grfext 2016/05/16 v1.2 Manage graphics extensions (HO)

(/usr/share/texmf-dist/tex/generic/oberdiek/kvdefinekeys.sty
Package: kvdefinekeys 2016/05/16 v1.4 Define keys (HO)
))
(/usr/share/texmf-dist/tex/latex/oberdiek/kvoptions.sty
Package: kvoptions 2016/05/16 v3.12 Key value format for package options (HO)

(/usr/share/texmf-dist/tex/generic/oberdiek/kvsetkeys.sty
Package: kvsetkeys 2016/05/16 v1.17 Key value parser (HO)

(/usr/share/texmf-dist/tex/generic/oberdiek/etexcmds.sty
Package: etexcmds 2016/05/16 v1.6 Avoid name clashes with e-TeX commands (HO)
Package etexcmds Info: Could not find \expanded.
(etexcmds)             That can mean that you are not using pdfTeX 1.50 or
(etexcmds)             that some package has redefined \expanded.
(etexcmds)             In the latter case, load this package earlier.
)))
Package epstopdf-base Info: Redefining graphics rule for `.eps' on input line 4
38.
Package grfext Info: Graphics extension search list:
(grfext)             [.png,.pdf,.jpg,.mps,.jpeg,.jbig2,.jb2,.PNG,.PDF,.JPG,.JPE
G,.JBIG2,.JB2,.eps]
(grfext)             \AppendGraphicsExtensions on input line 456.

(/usr/share/texmf-dist/tex/latex/latexconfig/epstopdf-sys.cfg
File: epstopdf-sys.cfg 2010/07/13 v1.3 Configuration of (r)epstopdf for TeX Liv
e
))
Underfull \hbox (badness 10000) in paragraph at lines 106--106
[][]\OT1/cmr/m/n/8 Master's De-gree in Com-puter Sci-ence, Uni-ver-sity of Rome
 ``Tor Ver-gata''
 []


Underfull \hbox (badness 10000) in paragraph at lines 106--106
[][]\OT1/cmr/m/n/8 Master's De-gree in Com-puter Sci-ence, Uni-ver-sity of Rome
 ``Tor Ver-gata''
 []

[1

{/var/lib/texmf/fonts/map/pdftex/updmap/pdftex.map}] [2]
Overfull \hbox (1.2912pt too wide) in paragraph at lines 175--176
[]$\OML/cmm/m/it/10 r$\OT1/cmr/m/n/10 , the num-ber of ver-tices uni-formly cho
osen in the ``approx-number-connected-
 []

[3]
Underfull \hbox (badness 10000) in paragraph at lines 209--210

 []

Missing character: There is no ‚ in font cmr10!
Missing character: There is no Ä in font cmr10!
Missing character: There is no ú in font cmr10!
Missing character: There is no ‚ in font cmr10!
Missing character: There is no Ä in font cmr10!
Missing character: There is no ù in font cmr10!
[4] [5]
Overfull \hbox (8.19269pt too wide) in paragraph at lines 250--251
[]\OT1/cmr/m/n/10 this set con-tain-ing in turn a set for each se-lected value 
of $\OML/cmm/m/it/10 "$ \OT1/cmr/m/n/10 ($0\OML/cmm/m/it/10 :\OT1/cmr/m/n/10 2\
OML/cmm/m/it/10 ; \OT1/cmr/m/n/10 0\OML/cmm/m/it/10 :\OT1/cmr/m/n/10 3\OML/cmm/
m/it/10 ; \OT1/cmr/m/n/10 0\OML/cmm/m/it/10 :\OT1/cmr/m/n/10 4\OML/cmm/m/it/10 
; \OT1/cmr/m/n/10 0\OML/cmm/m/it/10 :\OT1/cmr/m/n/10 49999$); 
 []

[6]
Package epstopdf Info: Source file: <plots/uniform_03_50_40_time_kruskal.eps>
(epstopdf)                    date: 2016-12-22 02:53:58
(epstopdf)                    size: 23072 bytes
(epstopdf)             Output file: <plots/uniform_03_50_40_time_kruskal-eps-co
nverted-to.pdf>
(epstopdf)                    date: 2016-12-22 03:03:54
(epstopdf)                    size: 7204 bytes
(epstopdf)             Command: <repstopdf --outfile=plots/uniform_03_50_40_tim
e_kruskal-eps-converted-to.pdf plots/uniform_03_50_40_time_kruskal.eps>
(epstopdf)             \includegraphics on input line 283.
Package epstopdf Info: Output file is already uptodate.

<plots/uniform_03_50_40_time_kruskal-eps-converted-to.pdf, id=42, 361.35pt x 25
2.945pt>
File: plots/uniform_03_50_40_time_kruskal-eps-converted-to.pdf Graphic file (ty
pe pdf)
 <use plots/uniform_03_50_40_time_kruskal-eps-converted-to.pdf>
Package pdftex.def Info: plots/uniform_03_50_40_time_kruskal-eps-converted-to.p
df used on input line 283.
(pdftex.def)             Requested size: 296.30812pt x 207.41624pt.
Package epstopdf Info: Source file: <plots/uniform_03_50_40_abs.eps>
(epstopdf)                    date: 2016-12-22 02:56:39
(epstopdf)                    size: 23613 bytes
(epstopdf)             Output file: <plots/uniform_03_50_40_abs-eps-converted-t
o.pdf>
(epstopdf)                    date: 2016-12-22 03:03:54
(epstopdf)                    size: 7936 bytes
(epstopdf)             Command: <repstopdf --outfile=plots/uniform_03_50_40_abs
-eps-converted-to.pdf plots/uniform_03_50_40_abs.eps>
(epstopdf)             \includegraphics on input line 285.
Package epstopdf Info: Output file is already uptodate.

<plots/uniform_03_50_40_abs-eps-converted-to.pdf, id=43, 361.35pt x 252.945pt>
File: plots/uniform_03_50_40_abs-eps-converted-to.pdf Graphic file (type pdf)

<use plots/uniform_03_50_40_abs-eps-converted-to.pdf>
Package pdftex.def Info: plots/uniform_03_50_40_abs-eps-converted-to.pdf used o
n input line 285.
(pdftex.def)             Requested size: 166.67154pt x 116.66873pt.
Package epstopdf Info: Source file: <plots/uniform_03_50_40_rel.eps>
(epstopdf)                    date: 2016-12-22 02:56:39
(epstopdf)                    size: 23223 bytes
(epstopdf)             Output file: <plots/uniform_03_50_40_rel-eps-converted-t
o.pdf>
(epstopdf)                    date: 2016-12-22 03:03:54
(epstopdf)                    size: 7371 bytes
(epstopdf)             Command: <repstopdf --outfile=plots/uniform_03_50_40_rel
-eps-converted-to.pdf plots/uniform_03_50_40_rel.eps>
(epstopdf)             \includegraphics on input line 287.
Package epstopdf Info: Output file is already uptodate.

<plots/uniform_03_50_40_rel-eps-converted-to.pdf, id=44, 361.35pt x 252.945pt>
File: plots/uniform_03_50_40_rel-eps-converted-to.pdf Graphic file (type pdf)

<use plots/uniform_03_50_40_rel-eps-converted-to.pdf>
Package pdftex.def Info: plots/uniform_03_50_40_rel-eps-converted-to.pdf used o
n input line 287.
(pdftex.def)             Requested size: 166.67154pt x 116.66873pt.
 [7 <./plots/uniform_03_50_40_time_kruskal-eps-converted-to.pdf> <./plots/unifo
rm_03_50_40_abs-eps-converted-to.pdf> <./plots/uniform_03_50_40_rel-eps-convert
ed-to.pdf>]
Package epstopdf Info: Source file: <plots/uniform_03_10_40_time.eps>
(epstopdf)                    date: 2016-12-22 02:56:39
(epstopdf)                    size: 23247 bytes
(epstopdf)             Output file: <plots/uniform_03_10_40_time-eps-converted-
to.pdf>
(epstopdf)                    date: 2016-12-22 03:03:54
(epstopdf)                    size: 7287 bytes
(epstopdf)             Command: <repstopdf --outfile=plots/uniform_03_10_40_tim
e-eps-converted-to.pdf plots/uniform_03_10_40_time.eps>
(epstopdf)             \includegraphics on input line 302.
Package epstopdf Info: Output file is already uptodate.

<plots/uniform_03_10_40_time-eps-converted-to.pdf, id=64, 361.35pt x 252.945pt>
File: plots/uniform_03_10_40_time-eps-converted-to.pdf Graphic file (type pdf)
<use plots/uniform_03_10_40_time-eps-converted-to.pdf>
Package pdftex.def Info: plots/uniform_03_10_40_time-eps-converted-to.pdf used 
on input line 302.
(pdftex.def)             Requested size: 240.74716pt x 168.5228pt.
Package epstopdf Info: Source file: <plots/uniform_03_50_40_time.eps>
(epstopdf)                    date: 2016-12-22 02:56:39
(epstopdf)                    size: 22644 bytes
(epstopdf)             Output file: <plots/uniform_03_50_40_time-eps-converted-
to.pdf>
(epstopdf)                    date: 2016-12-22 03:03:54
(epstopdf)                    size: 7085 bytes
(epstopdf)             Command: <repstopdf --outfile=plots/uniform_03_50_40_tim
e-eps-converted-to.pdf plots/uniform_03_50_40_time.eps>
(epstopdf)             \includegraphics on input line 304.
Package epstopdf Info: Output file is already uptodate.

<plots/uniform_03_50_40_time-eps-converted-to.pdf, id=65, 361.35pt x 252.945pt>
File: plots/uniform_03_50_40_time-eps-converted-to.pdf Graphic file (type pdf)
<use plots/uniform_03_50_40_time-eps-converted-to.pdf>
Package pdftex.def Info: plots/uniform_03_50_40_time-eps-converted-to.pdf used 
on input line 304.
(pdftex.def)             Requested size: 240.74716pt x 168.5228pt.
Package epstopdf Info: Source file: <plots/uniform_03_100_40_time.eps>
(epstopdf)                    date: 2016-12-22 02:56:39
(epstopdf)                    size: 22607 bytes
(epstopdf)             Output file: <plots/uniform_03_100_40_time-eps-converted
-to.pdf>
(epstopdf)                    date: 2016-12-22 03:03:54
(epstopdf)                    size: 6974 bytes
(epstopdf)             Command: <repstopdf --outfile=plots/uniform_03_100_40_ti
me-eps-converted-to.pdf plots/uniform_03_100_40_time.eps>
(epstopdf)             \includegraphics on input line 306.
Package epstopdf Info: Output file is already uptodate.

<plots/uniform_03_100_40_time-eps-converted-to.pdf, id=66, 361.35pt x 252.945pt
>
File: plots/uniform_03_100_40_time-eps-converted-to.pdf Graphic file (type pdf)

 <use plots/uniform_03_100_40_time-eps-converted-to.pdf>
Package pdftex.def Info: plots/uniform_03_100_40_time-eps-converted-to.pdf used
 on input line 306.
(pdftex.def)             Requested size: 240.74716pt x 168.5228pt.


LaTeX Warning: Float too large for page by 3.84085pt on input line 309.

Package epstopdf Info: Source file: <plots/uniform_03_10_40_rel.eps>
(epstopdf)                    date: 2016-12-22 02:56:39
(epstopdf)                    size: 23161 bytes
(epstopdf)             Output file: <plots/uniform_03_10_40_rel-eps-converted-t
o.pdf>
(epstopdf)                    date: 2016-12-22 04:16:43
(epstopdf)                    size: 7206 bytes
(epstopdf)             Command: <repstopdf --outfile=plots/uniform_03_10_40_rel
-eps-converted-to.pdf plots/uniform_03_10_40_rel.eps>
(epstopdf)             \includegraphics on input line 316.
Package epstopdf Info: Output file is already uptodate.

<plots/uniform_03_10_40_rel-eps-converted-to.pdf, id=67, 361.35pt x 252.945pt>
File: plots/uniform_03_10_40_rel-eps-converted-to.pdf Graphic file (type pdf)

<use plots/uniform_03_10_40_rel-eps-converted-to.pdf>
Package pdftex.def Info: plots/uniform_03_10_40_rel-eps-converted-to.pdf used o
n input line 316.
(pdftex.def)             Requested size: 240.74716pt x 168.5228pt.
Package epstopdf Info: Source file: <plots/uniform_03_50_40_rel.eps>
(epstopdf)                    date: 2016-12-22 02:56:39
(epstopdf)                    size: 23223 bytes
(epstopdf)             Output file: <plots/uniform_03_50_40_rel-eps-converted-t
o.pdf>
(epstopdf)                    date: 2016-12-22 03:03:54
(epstopdf)                    size: 7371 bytes
(epstopdf)             Command: <repstopdf --outfile=plots/uniform_03_50_40_rel
-eps-converted-to.pdf plots/uniform_03_50_40_rel.eps>
(epstopdf)             \includegraphics on input line 318.
Package epstopdf Info: Output file is already uptodate.
File: plots/uniform_03_50_40_rel-eps-converted-to.pdf Graphic file (type pdf)

<use plots/uniform_03_50_40_rel-eps-converted-to.pdf>
Package pdftex.def Info: plots/uniform_03_50_40_rel-eps-converted-to.pdf used o
n input line 318.
(pdftex.def)             Requested size: 240.74716pt x 168.5228pt.
Package epstopdf Info: Source file: <plots/uniform_03_100_40_rel.eps>
(epstopdf)                    date: 2016-12-22 02:56:39
(epstopdf)                    size: 22950 bytes
(epstopdf)             Output file: <plots/uniform_03_100_40_rel-eps-converted-
to.pdf>
(epstopdf)                    date: 2016-12-22 04:16:43
(epstopdf)                    size: 7359 bytes
(epstopdf)             Command: <repstopdf --outfile=plots/uniform_03_100_40_re
l-eps-converted-to.pdf plots/uniform_03_100_40_rel.eps>
(epstopdf)             \includegraphics on input line 320.
Package epstopdf Info: Output file is already uptodate.

<plots/uniform_03_100_40_rel-eps-converted-to.pdf, id=68, 361.35pt x 252.945pt>
File: plots/uniform_03_100_40_rel-eps-converted-to.pdf Graphic file (type pdf)
<use plots/uniform_03_100_40_rel-eps-converted-to.pdf>
Package pdftex.def Info: plots/uniform_03_100_40_rel-eps-converted-to.pdf used 
on input line 320.
(pdftex.def)             Requested size: 240.74716pt x 168.5228pt.


LaTeX Warning: Float too large for page by 3.84085pt on input line 323.

Package epstopdf Info: Source file: <plots/gaussian_03_10_40_time.eps>
(epstopdf)                    date: 2016-12-22 02:56:41
(epstopdf)                    size: 23474 bytes
(epstopdf)             Output file: <plots/gaussian_03_10_40_time-eps-converted
-to.pdf>
(epstopdf)                    date: 2017-01-25 07:40:07
(epstopdf)                    size: 7319 bytes
(epstopdf)             Command: <repstopdf --outfile=plots/gaussian_03_10_40_ti
me-eps-converted-to.pdf plots/gaussian_03_10_40_time.eps>
(epstopdf)             \includegraphics on input line 332.
Package epstopdf Info: Output file is already uptodate.

<plots/gaussian_03_10_40_time-eps-converted-to.pdf, id=69, 361.35pt x 252.945pt
>
File: plots/gaussian_03_10_40_time-eps-converted-to.pdf Graphic file (type pdf)

 <use plots/gaussian_03_10_40_time-eps-converted-to.pdf>
Package pdftex.def Info: plots/gaussian_03_10_40_time-eps-converted-to.pdf used
 on input line 332.
(pdftex.def)             Requested size: 240.74716pt x 168.5228pt.
Package epstopdf Info: Source file: <plots/smallworld_03_10_40_time.eps>
(epstopdf)                    date: 2016-12-22 02:56:43
(epstopdf)                    size: 23251 bytes
(epstopdf)             Output file: <plots/smallworld_03_10_40_time-eps-convert
ed-to.pdf>
(epstopdf)                    date: 2017-01-25 07:40:07
(epstopdf)                    size: 7289 bytes
(epstopdf)             Command: <repstopdf --outfile=plots/smallworld_03_10_40_
time-eps-converted-to.pdf plots/smallworld_03_10_40_time.eps>
(epstopdf)             \includegraphics on input line 334.
Package epstopdf Info: Output file is already uptodate.

<plots/smallworld_03_10_40_time-eps-converted-to.pdf, id=70, 361.35pt x 252.945
pt>
File: plots/smallworld_03_10_40_time-eps-converted-to.pdf Graphic file (type pd
f)
 <use plots/smallworld_03_10_40_time-eps-converted-to.pdf>
Package pdftex.def Info: plots/smallworld_03_10_40_time-eps-converted-to.pdf us
ed on input line 334.
(pdftex.def)             Requested size: 240.74716pt x 168.5228pt.

Overfull \hbox (111.11058pt too wide) in paragraph at lines 332--334
 [][][] 
 []

Package epstopdf Info: Source file: <plots/gaussian_03_50_40_time.eps>
(epstopdf)                    date: 2016-12-22 02:56:41
(epstopdf)                    size: 22652 bytes
(epstopdf)             Output file: <plots/gaussian_03_50_40_time-eps-converted
-to.pdf>
(epstopdf)                    date: 2017-01-25 07:40:08
(epstopdf)                    size: 7092 bytes
(epstopdf)             Command: <repstopdf --outfile=plots/gaussian_03_50_40_ti
me-eps-converted-to.pdf plots/gaussian_03_50_40_time.eps>
(epstopdf)             \includegraphics on input line 336.
Package epstopdf Info: Output file is already uptodate.

<plots/gaussian_03_50_40_time-eps-converted-to.pdf, id=71, 361.35pt x 252.945pt
>
File: plots/gaussian_03_50_40_time-eps-converted-to.pdf Graphic file (type pdf)

 <use plots/gaussian_03_50_40_time-eps-converted-to.pdf>
Package pdftex.def Info: plots/gaussian_03_50_40_time-eps-converted-to.pdf used
 on input line 336.
(pdftex.def)             Requested size: 240.74716pt x 168.5228pt.
Package epstopdf Info: Source file: <plots/smallworld_03_50_40_time.eps>
(epstopdf)                    date: 2016-12-22 02:56:43
(epstopdf)                    size: 22654 bytes
(epstopdf)             Output file: <plots/smallworld_03_50_40_time-eps-convert
ed-to.pdf>
(epstopdf)                    date: 2017-01-25 07:40:08
(epstopdf)                    size: 7088 bytes
(epstopdf)             Command: <repstopdf --outfile=plots/smallworld_03_50_40_
time-eps-converted-to.pdf plots/smallworld_03_50_40_time.eps>
(epstopdf)             \includegraphics on input line 338.
Package epstopdf Info: Output file is already uptodate.

<plots/smallworld_03_50_40_time-eps-converted-to.pdf, id=72, 361.35pt x 252.945
pt>
File: plots/smallworld_03_50_40_time-eps-converted-to.pdf Graphic file (type pd
f)
 <use plots/smallworld_03_50_40_time-eps-converted-to.pdf>
Package pdftex.def Info: plots/smallworld_03_50_40_time-eps-converted-to.pdf us
ed on input line 338.
(pdftex.def)             Requested size: 240.74716pt x 168.5228pt.

Overfull \hbox (111.11058pt too wide) in paragraph at lines 336--338
 [][][] 
 []

Package epstopdf Info: Source file: <plots/gaussian_03_100_40_time.eps>
(epstopdf)                    date: 2016-12-22 02:56:41
(epstopdf)                    size: 22608 bytes
(epstopdf)             Output file: <plots/gaussian_03_100_40_time-eps-converte
d-to.pdf>
(epstopdf)                    date: 2017-01-25 07:40:08
(epstopdf)                    size: 6974 bytes
(epstopdf)             Command: <repstopdf --outfile=plots/gaussian_03_100_40_t
ime-eps-converted-to.pdf plots/gaussian_03_100_40_time.eps>
(epstopdf)             \includegraphics on input line 340.
Package epstopdf Info: Output file is already uptodate.

<plots/gaussian_03_100_40_time-eps-converted-to.pdf, id=73, 361.35pt x 252.945p
t>
File: plots/gaussian_03_100_40_time-eps-converted-to.pdf Graphic file (type pdf
)
 <use plots/gaussian_03_100_40_time-eps-converted-to.pdf>
Package pdftex.def Info: plots/gaussian_03_100_40_time-eps-converted-to.pdf use
d on input line 340.
(pdftex.def)             Requested size: 240.74716pt x 168.5228pt.
Package epstopdf Info: Source file: <plots/smallworld_03_100_40_time.eps>
(epstopdf)                    date: 2016-12-22 02:56:43
(epstopdf)                    size: 22390 bytes
(epstopdf)             Output file: <plots/smallworld_03_100_40_time-eps-conver
ted-to.pdf>
(epstopdf)                    date: 2017-01-25 07:40:08
(epstopdf)                    size: 6949 bytes
(epstopdf)             Command: <repstopdf --outfile=plots/smallworld_03_100_40
_time-eps-converted-to.pdf plots/smallworld_03_100_40_time.eps>
(epstopdf)             \includegraphics on input line 342.
Package epstopdf Info: Output file is already uptodate.

<plots/smallworld_03_100_40_time-eps-converted-to.pdf, id=74, 361.35pt x 252.94
5pt>
File: plots/smallworld_03_100_40_time-eps-converted-to.pdf Graphic file (type p
df)
 <use plots/smallworld_03_100_40_time-eps-converted-to.pdf>
Package pdftex.def Info: plots/smallworld_03_100_40_time-eps-converted-to.pdf u
sed on input line 342.
(pdftex.def)             Requested size: 240.74716pt x 168.5228pt.

Overfull \hbox (111.11058pt too wide) in paragraph at lines 340--343
 [][][] 
 []


LaTeX Warning: Float too large for page by 13.84085pt on input line 345.

Package epstopdf Info: Source file: <plots/gaussian_03_10_40_rel.eps>
(epstopdf)                    date: 2016-12-22 02:56:41
(epstopdf)                    size: 23163 bytes
(epstopdf)             Output file: <plots/gaussian_03_10_40_rel-eps-converted-
to.pdf>
(epstopdf)                    date: 2017-01-25 07:23:38
(epstopdf)                    size: 7198 bytes
(epstopdf)             Command: <repstopdf --outfile=plots/gaussian_03_10_40_re
l-eps-converted-to.pdf plots/gaussian_03_10_40_rel.eps>
(epstopdf)             \includegraphics on input line 354.
Package epstopdf Info: Output file is already uptodate.

<plots/gaussian_03_10_40_rel-eps-converted-to.pdf, id=75, 361.35pt x 252.945pt>
File: plots/gaussian_03_10_40_rel-eps-converted-to.pdf Graphic file (type pdf)
<use plots/gaussian_03_10_40_rel-eps-converted-to.pdf>
Package pdftex.def Info: plots/gaussian_03_10_40_rel-eps-converted-to.pdf used 
on input line 354.
(pdftex.def)             Requested size: 240.74716pt x 168.5228pt.
Package epstopdf Info: Source file: <plots/smallworld_03_10_40_rel.eps>
(epstopdf)                    date: 2016-12-22 02:56:43
(epstopdf)                    size: 23167 bytes
(epstopdf)             Output file: <plots/smallworld_03_10_40_rel-eps-converte
d-to.pdf>
(epstopdf)                    date: 2017-01-25 07:23:38
(epstopdf)                    size: 7209 bytes
(epstopdf)             Command: <repstopdf --outfile=plots/smallworld_03_10_40_
rel-eps-converted-to.pdf plots/smallworld_03_10_40_rel.eps>
(epstopdf)             \includegraphics on input line 356.
Package epstopdf Info: Output file is already uptodate.

<plots/smallworld_03_10_40_rel-eps-converted-to.pdf, id=76, 361.35pt x 252.945p
t>
File: plots/smallworld_03_10_40_rel-eps-converted-to.pdf Graphic file (type pdf
)
 <use plots/smallworld_03_10_40_rel-eps-converted-to.pdf>
Package pdftex.def Info: plots/smallworld_03_10_40_rel-eps-converted-to.pdf use
d on input line 356.
(pdftex.def)             Requested size: 240.74716pt x 168.5228pt.

Overfull \hbox (111.11058pt too wide) in paragraph at lines 354--356
 [][][] 
 []

Package epstopdf Info: Source file: <plots/gaussian_03_50_40_rel.eps>
(epstopdf)                    date: 2016-12-22 02:56:41
(epstopdf)                    size: 23461 bytes
(epstopdf)             Output file: <plots/gaussian_03_50_40_rel-eps-converted-
to.pdf>
(epstopdf)                    date: 2017-01-25 07:23:38
(epstopdf)                    size: 7398 bytes
(epstopdf)             Command: <repstopdf --outfile=plots/gaussian_03_50_40_re
l-eps-converted-to.pdf plots/gaussian_03_50_40_rel.eps>
(epstopdf)             \includegraphics on input line 358.
Package epstopdf Info: Output file is already uptodate.

<plots/gaussian_03_50_40_rel-eps-converted-to.pdf, id=77, 361.35pt x 252.945pt>
File: plots/gaussian_03_50_40_rel-eps-converted-to.pdf Graphic file (type pdf)
<use plots/gaussian_03_50_40_rel-eps-converted-to.pdf>
Package pdftex.def Info: plots/gaussian_03_50_40_rel-eps-converted-to.pdf used 
on input line 358.
(pdftex.def)             Requested size: 240.74716pt x 168.5228pt.
Package epstopdf Info: Source file: <plots/smallworld_03_50_40_rel.eps>
(epstopdf)                    date: 2016-12-22 02:56:43
(epstopdf)                    size: 23451 bytes
(epstopdf)             Output file: <plots/smallworld_03_50_40_rel-eps-converte
d-to.pdf>
(epstopdf)                    date: 2017-01-25 07:23:38
(epstopdf)                    size: 7410 bytes
(epstopdf)             Command: <repstopdf --outfile=plots/smallworld_03_50_40_
rel-eps-converted-to.pdf plots/smallworld_03_50_40_rel.eps>
(epstopdf)             \includegraphics on input line 360.
Package epstopdf Info: Output file is already uptodate.

<plots/smallworld_03_50_40_rel-eps-converted-to.pdf, id=78, 361.35pt x 252.945p
t>
File: plots/smallworld_03_50_40_rel-eps-converted-to.pdf Graphic file (type pdf
)
 <use plots/smallworld_03_50_40_rel-eps-converted-to.pdf>
Package pdftex.def Info: plots/smallworld_03_50_40_rel-eps-converted-to.pdf use
d on input line 360.
(pdftex.def)             Requested size: 240.74716pt x 168.5228pt.

Overfull \hbox (111.11058pt too wide) in paragraph at lines 358--360
 [][][] 
 []

Package epstopdf Info: Source file: <plots/gaussian_03_100_40_rel.eps>
(epstopdf)                    date: 2016-12-22 02:56:41
(epstopdf)                    size: 23186 bytes
(epstopdf)             Output file: <plots/gaussian_03_100_40_rel-eps-converted
-to.pdf>
(epstopdf)                    date: 2017-01-25 07:23:39
(epstopdf)                    size: 7391 bytes
(epstopdf)             Command: <repstopdf --outfile=plots/gaussian_03_100_40_r
el-eps-converted-to.pdf plots/gaussian_03_100_40_rel.eps>
(epstopdf)             \includegraphics on input line 362.
Package epstopdf Info: Output file is already uptodate.

<plots/gaussian_03_100_40_rel-eps-converted-to.pdf, id=79, 361.35pt x 252.945pt
>
File: plots/gaussian_03_100_40_rel-eps-converted-to.pdf Graphic file (type pdf)

 <use plots/gaussian_03_100_40_rel-eps-converted-to.pdf>
Package pdftex.def Info: plots/gaussian_03_100_40_rel-eps-converted-to.pdf used
 on input line 362.
(pdftex.def)             Requested size: 240.74716pt x 168.5228pt.
Package epstopdf Info: Source file: <plots/smallworld_03_100_40_rel.eps>
(epstopdf)                    date: 2016-12-22 02:56:43
(epstopdf)                    size: 22957 bytes
(epstopdf)             Output file: <plots/smallworld_03_100_40_rel-eps-convert
ed-to.pdf>
(epstopdf)                    date: 2017-01-25 07:23:39
(epstopdf)                    size: 7378 bytes
(epstopdf)             Command: <repstopdf --outfile=plots/smallworld_03_100_40
_rel-eps-converted-to.pdf plots/smallworld_03_100_40_rel.eps>
(epstopdf)             \includegraphics on input line 364.
Package epstopdf Info: Output file is already uptodate.

<plots/smallworld_03_100_40_rel-eps-converted-to.pdf, id=80, 361.35pt x 252.945
pt>
File: plots/smallworld_03_100_40_rel-eps-converted-to.pdf Graphic file (type pd
f)
 <use plots/smallworld_03_100_40_rel-eps-converted-to.pdf>
Package pdftex.def Info: plots/smallworld_03_100_40_rel-eps-converted-to.pdf us
ed on input line 364.
(pdftex.def)             Requested size: 240.74716pt x 168.5228pt.

Overfull \hbox (111.11058pt too wide) in paragraph at lines 362--365
 [][][] 
 []


LaTeX Warning: Float too large for page by 13.84085pt on input line 367.

Package epstopdf Info: Source file: <plots/uniform_04_50_20_time.eps>
(epstopdf)                    date: 2016-12-22 02:56:40
(epstopdf)                    size: 22418 bytes
(epstopdf)             Output file: <plots/uniform_04_50_20_time-eps-converted-
to.pdf>
(epstopdf)                    date: 2017-01-25 08:13:14
(epstopdf)                    size: 6933 bytes
(epstopdf)             Command: <repstopdf --outfile=plots/uniform_04_50_20_tim
e-eps-converted-to.pdf plots/uniform_04_50_20_time.eps>
(epstopdf)             \includegraphics on input line 377.
Package epstopdf Info: Output file is already uptodate.

<plots/uniform_04_50_20_time-eps-converted-to.pdf, id=81, 361.35pt x 252.945pt>
File: plots/uniform_04_50_20_time-eps-converted-to.pdf Graphic file (type pdf)
<use plots/uniform_04_50_20_time-eps-converted-to.pdf>
Package pdftex.def Info: plots/uniform_04_50_20_time-eps-converted-to.pdf used 
on input line 377.
(pdftex.def)             Requested size: 240.74716pt x 168.5228pt.
Package epstopdf Info: Source file: <plots/uniform_04_50_40_time.eps>
(epstopdf)                    date: 2016-12-22 02:56:40
(epstopdf)                    size: 22645 bytes
(epstopdf)             Output file: <plots/uniform_04_50_40_time-eps-converted-
to.pdf>
(epstopdf)                    date: 2017-01-25 08:13:14
(epstopdf)                    size: 6963 bytes
(epstopdf)             Command: <repstopdf --outfile=plots/uniform_04_50_40_tim
e-eps-converted-to.pdf plots/uniform_04_50_40_time.eps>
(epstopdf)             \includegraphics on input line 379.
Package epstopdf Info: Output file is already uptodate.

<plots/uniform_04_50_40_time-eps-converted-to.pdf, id=82, 361.35pt x 252.945pt>
File: plots/uniform_04_50_40_time-eps-converted-to.pdf Graphic file (type pdf)
<use plots/uniform_04_50_40_time-eps-converted-to.pdf>
Package pdftex.def Info: plots/uniform_04_50_40_time-eps-converted-to.pdf used 
on input line 379.
(pdftex.def)             Requested size: 240.74716pt x 168.5228pt.

Overfull \hbox (111.11058pt too wide) in paragraph at lines 377--379
 [][][] 
 []

Package epstopdf Info: Source file: <plots/uniform_04_50_60_time.eps>
(epstopdf)                    date: 2016-12-22 02:56:40
(epstopdf)                    size: 22649 bytes
(epstopdf)             Output file: <plots/uniform_04_50_60_time-eps-converted-
to.pdf>
(epstopdf)                    date: 2016-12-23 20:19:09
(epstopdf)                    size: 6963 bytes
(epstopdf)             Command: <repstopdf --outfile=plots/uniform_04_50_60_tim
e-eps-converted-to.pdf plots/uniform_04_50_60_time.eps>
(epstopdf)             \includegraphics on input line 381.
Package epstopdf Info: Output file is already uptodate.

<plots/uniform_04_50_60_time-eps-converted-to.pdf, id=83, 361.35pt x 252.945pt>
File: plots/uniform_04_50_60_time-eps-converted-to.pdf Graphic file (type pdf)
<use plots/uniform_04_50_60_time-eps-converted-to.pdf>
Package pdftex.def Info: plots/uniform_04_50_60_time-eps-converted-to.pdf used 
on input line 381.
(pdftex.def)             Requested size: 240.74716pt x 168.5228pt.
Package epstopdf Info: Source file: <plots/uniform_04_50_80_time.eps>
(epstopdf)                    date: 2016-12-22 02:56:40
(epstopdf)                    size: 22650 bytes
(epstopdf)             Output file: <plots/uniform_04_50_80_time-eps-converted-
to.pdf>
(epstopdf)                    date: 2017-01-25 08:13:15
(epstopdf)                    size: 6966 bytes
(epstopdf)             Command: <repstopdf --outfile=plots/uniform_04_50_80_tim
e-eps-converted-to.pdf plots/uniform_04_50_80_time.eps>
(epstopdf)             \includegraphics on input line 383.
Package epstopdf Info: Output file is already uptodate.

<plots/uniform_04_50_80_time-eps-converted-to.pdf, id=84, 361.35pt x 252.945pt>
File: plots/uniform_04_50_80_time-eps-converted-to.pdf Graphic file (type pdf)
<use plots/uniform_04_50_80_time-eps-converted-to.pdf>
Package pdftex.def Info: plots/uniform_04_50_80_time-eps-converted-to.pdf used 
on input line 383.
(pdftex.def)             Requested size: 240.74716pt x 168.5228pt.

Overfull \hbox (111.11058pt too wide) in paragraph at lines 381--384
 [][][] 
 []


Overfull \hbox (2.97617pt too wide) in paragraph at lines 388--389
\OT1/cmr/m/n/10 the fact that ev-ery it-er-a-tion of the sub-rou-tine \OT1/cmtt
/m/n/10 approx-number-connected-components
 []

Package epstopdf Info: Source file: <plots/uniform_04_50_20_rel.eps>
(epstopdf)                    date: 2016-12-22 02:56:40
(epstopdf)                    size: 23675 bytes
(epstopdf)             Output file: <plots/uniform_04_50_20_rel-eps-converted-t
o.pdf>
(epstopdf)                    date: 2017-01-25 08:21:32
(epstopdf)                    size: 7285 bytes
(epstopdf)             Command: <repstopdf --outfile=plots/uniform_04_50_20_rel
-eps-converted-to.pdf plots/uniform_04_50_20_rel.eps>
(epstopdf)             \includegraphics on input line 393.
Package epstopdf Info: Output file is already uptodate.

<plots/uniform_04_50_20_rel-eps-converted-to.pdf, id=85, 361.35pt x 252.945pt>
File: plots/uniform_04_50_20_rel-eps-converted-to.pdf Graphic file (type pdf)

<use plots/uniform_04_50_20_rel-eps-converted-to.pdf>
Package pdftex.def Info: plots/uniform_04_50_20_rel-eps-converted-to.pdf used o
n input line 393.
(pdftex.def)             Requested size: 240.74716pt x 168.5228pt.
Package epstopdf Info: Source file: <plots/uniform_04_50_40_rel.eps>
(epstopdf)                    date: 2016-12-22 02:56:40
(epstopdf)                    size: 22539 bytes
(epstopdf)             Output file: <plots/uniform_04_50_40_rel-eps-converted-t
o.pdf>
(epstopdf)                    date: 2017-01-25 08:21:32
(epstopdf)                    size: 7153 bytes
(epstopdf)             Command: <repstopdf --outfile=plots/uniform_04_50_40_rel
-eps-converted-to.pdf plots/uniform_04_50_40_rel.eps>
(epstopdf)             \includegraphics on input line 395.
Package epstopdf Info: Output file is already uptodate.

<plots/uniform_04_50_40_rel-eps-converted-to.pdf, id=86, 361.35pt x 252.945pt>
File: plots/uniform_04_50_40_rel-eps-converted-to.pdf Graphic file (type pdf)

<use plots/uniform_04_50_40_rel-eps-converted-to.pdf>
Package pdftex.def Info: plots/uniform_04_50_40_rel-eps-converted-to.pdf used o
n input line 395.
(pdftex.def)             Requested size: 240.74716pt x 168.5228pt.

Overfull \hbox (111.11058pt too wide) in paragraph at lines 393--395
 [][][] 
 []

Package epstopdf Info: Source file: <plots/uniform_04_50_60_rel.eps>
(epstopdf)                    date: 2016-12-22 02:56:40
(epstopdf)                    size: 22546 bytes
(epstopdf)             Output file: <plots/uniform_04_50_60_rel-eps-converted-t
o.pdf>
(epstopdf)                    date: 2016-12-23 20:19:09
(epstopdf)                    size: 7153 bytes
(epstopdf)             Command: <repstopdf --outfile=plots/uniform_04_50_60_rel
-eps-converted-to.pdf plots/uniform_04_50_60_rel.eps>
(epstopdf)             \includegraphics on input line 397.
Package epstopdf Info: Output file is already uptodate.

<plots/uniform_04_50_60_rel-eps-converted-to.pdf, id=87, 361.35pt x 252.945pt>
File: plots/uniform_04_50_60_rel-eps-converted-to.pdf Graphic file (type pdf)

<use plots/uniform_04_50_60_rel-eps-converted-to.pdf>
Package pdftex.def Info: plots/uniform_04_50_60_rel-eps-converted-to.pdf used o
n input line 397.
(pdftex.def)             Requested size: 240.74716pt x 168.5228pt.
Package epstopdf Info: Source file: <plots/uniform_04_50_80_rel.eps>
(epstopdf)                    date: 2016-12-22 02:56:40
(epstopdf)                    size: 22778 bytes
(epstopdf)             Output file: <plots/uniform_04_50_80_rel-eps-converted-t
o.pdf>
(epstopdf)                    date: 2017-01-25 08:21:32
(epstopdf)                    size: 7184 bytes
(epstopdf)             Command: <repstopdf --outfile=plots/uniform_04_50_80_rel
-eps-converted-to.pdf plots/uniform_04_50_80_rel.eps>
(epstopdf)             \includegraphics on input line 399.
Package epstopdf Info: Output file is already uptodate.

<plots/uniform_04_50_80_rel-eps-converted-to.pdf, id=88, 361.35pt x 252.945pt>
File: plots/uniform_04_50_80_rel-eps-converted-to.pdf Graphic file (type pdf)

<use plots/uniform_04_50_80_rel-eps-converted-to.pdf>
Package pdftex.def Info: plots/uniform_04_50_80_rel-eps-converted-to.pdf used o
n input line 399.
(pdftex.def)             Requested size: 240.74716pt x 168.5228pt.

Overfull \hbox (111.11058pt too wide) in paragraph at lines 397--400
 [][][] 
 []

[8] [9 <./plots/uniform_03_10_40_time-eps-converted-to.pdf> <./plots/uniform_03
_50_40_time-eps-converted-to.pdf> <./plots/uniform_03_100_40_time-eps-converted
-to.pdf>] [10 <./plots/uniform_03_10_40_rel-eps-converted-to.pdf> <./plots/unif
orm_03_100_40_rel-eps-converted-to.pdf>] [11 <./plots/gaussian_03_10_40_time-ep
s-converted-to.pdf> <./plots/smallworld_03_10_40_time-eps-converted-to.pdf> <./
plots/gaussian_03_50_40_time-eps-converted-to.pdf> <./plots/smallworld_03_50_40
_time-eps-converted-to.pdf> <./plots/gaussian_03_100_40_time-eps-converted-to.p
df> <./plots/smallworld_03_100_40_time-eps-converted-to.pdf>] [12 <./plots/gaus
sian_03_10_40_rel-eps-converted-to.pdf> <./plots/smallworld_03_10_40_rel-eps-co
nverted-to.pdf> <./plots/gaussian_03_50_40_rel-eps-converted-to.pdf> <./plots/s
mallworld_03_50_40_rel-eps-converted-to.pdf> <./plots/gaussian_03_100_40_rel-ep
s-converted-to.pdf> <./plots/smallworld_03_100_40_rel-eps-converted-to.pdf>]
Package epstopdf Info: Source file: <plots/uniform_02_50_40_time.eps>
(epstopdf)                    date: 2016-12-22 02:56:39
(epstopdf)                    size: 22651 bytes
(epstopdf)             Output file: <plots/uniform_02_50_40_time-eps-converted-
to.pdf>
(epstopdf)                    date: 2017-01-25 09:14:32
(epstopdf)                    size: 6956 bytes
(epstopdf)             Command: <repstopdf --outfile=plots/uniform_02_50_40_tim
e-eps-converted-to.pdf plots/uniform_02_50_40_time.eps>
(epstopdf)             \includegraphics on input line 413.
Package epstopdf Info: Output file is already uptodate.

<plots/uniform_02_50_40_time-eps-converted-to.pdf, id=191, 361.35pt x 252.945pt
>
File: plots/uniform_02_50_40_time-eps-converted-to.pdf Graphic file (type pdf)
 <use plots/uniform_02_50_40_time-eps-converted-to.pdf>
Package pdftex.def Info: plots/uniform_02_50_40_time-eps-converted-to.pdf used 
on input line 413.
(pdftex.def)             Requested size: 240.74716pt x 168.5228pt.
Package epstopdf Info: Source file: <plots/uniform_03_50_40_time.eps>
(epstopdf)                    date: 2016-12-22 02:56:39
(epstopdf)                    size: 22644 bytes
(epstopdf)             Output file: <plots/uniform_03_50_40_time-eps-converted-
to.pdf>
(epstopdf)                    date: 2016-12-22 03:03:54
(epstopdf)                    size: 7085 bytes
(epstopdf)             Command: <repstopdf --outfile=plots/uniform_03_50_40_tim
e-eps-converted-to.pdf plots/uniform_03_50_40_time.eps>
(epstopdf)             \includegraphics on input line 415.
Package epstopdf Info: Output file is already uptodate.
File: plots/uniform_03_50_40_time-eps-converted-to.pdf Graphic file (type pdf)

<use plots/uniform_03_50_40_time-eps-converted-to.pdf>
Package pdftex.def Info: plots/uniform_03_50_40_time-eps-converted-to.pdf used 
on input line 415.
(pdftex.def)             Requested size: 240.74716pt x 168.5228pt.

Overfull \hbox (111.11058pt too wide) in paragraph at lines 413--415
 [][][] 
 []

Package epstopdf Info: Source file: <plots/uniform_04_50_40_time.eps>
(epstopdf)                    date: 2016-12-22 02:56:40
(epstopdf)                    size: 22645 bytes
(epstopdf)             Output file: <plots/uniform_04_50_40_time-eps-converted-
to.pdf>
(epstopdf)                    date: 2017-01-25 08:13:14
(epstopdf)                    size: 6963 bytes
(epstopdf)             Command: <repstopdf --outfile=plots/uniform_04_50_40_tim
e-eps-converted-to.pdf plots/uniform_04_50_40_time.eps>
(epstopdf)             \includegraphics on input line 417.
Package epstopdf Info: Output file is already uptodate.
File: plots/uniform_04_50_40_time-eps-converted-to.pdf Graphic file (type pdf)
<use plots/uniform_04_50_40_time-eps-converted-to.pdf>
Package pdftex.def Info: plots/uniform_04_50_40_time-eps-converted-to.pdf used 
on input line 417.
(pdftex.def)             Requested size: 240.74716pt x 168.5228pt.
Package epstopdf Info: Source file: <plots/uniform_049999_50_40_time.eps>
(epstopdf)                    date: 2016-12-22 02:56:40
(epstopdf)                    size: 22660 bytes
(epstopdf)             Output file: <plots/uniform_049999_50_40_time-eps-conver
ted-to.pdf>
(epstopdf)                    date: 2017-01-25 09:16:12
(epstopdf)                    size: 7096 bytes
(epstopdf)             Command: <repstopdf --outfile=plots/uniform_049999_50_40
_time-eps-converted-to.pdf plots/uniform_049999_50_40_time.eps>
(epstopdf)             \includegraphics on input line 419.
Package epstopdf Info: Output file is already uptodate.

<plots/uniform_049999_50_40_time-eps-converted-to.pdf, id=192, 361.35pt x 252.9
45pt>
File: plots/uniform_049999_50_40_time-eps-converted-to.pdf Graphic file (type p
df)
 <use plots/uniform_049999_50_40_time-eps-converted-to.pdf>
Package pdftex.def Info: plots/uniform_049999_50_40_time-eps-converted-to.pdf u
sed on input line 419.
(pdftex.def)             Requested size: 240.74716pt x 168.5228pt.

Overfull \hbox (111.11058pt too wide) in paragraph at lines 417--420
 [][][] 
 []

[13 <./plots/uniform_04_50_20_time-eps-converted-to.pdf> <./plots/uniform_04_50
_40_time-eps-converted-to.pdf> <./plots/uniform_04_50_60_time-eps-converted-to.
pdf> <./plots/uniform_04_50_80_time-eps-converted-to.pdf>] [14 <./plots/uniform
_04_50_20_rel-eps-converted-to.pdf> <./plots/uniform_04_50_40_rel-eps-converted
-to.pdf> <./plots/uniform_04_50_60_rel-eps-converted-to.pdf> <./plots/uniform_0
4_50_80_rel-eps-converted-to.pdf>] [15 <./plots/uniform_02_50_40_time-eps-conve
rted-to.pdf> <./plots/uniform_049999_50_40_time-eps-converted-to.pdf>]
Package epstopdf Info: Source file: <plots/uniform_02_50_40_rel.eps>
(epstopdf)                    date: 2016-12-22 02:56:39
(epstopdf)                    size: 22769 bytes
(epstopdf)             Output file: <plots/uniform_02_50_40_rel-eps-converted-t
o.pdf>
(epstopdf)                    date: 2017-01-25 09:24:16
(epstopdf)                    size: 7182 bytes
(epstopdf)             Command: <repstopdf --outfile=plots/uniform_02_50_40_rel
-eps-converted-to.pdf plots/uniform_02_50_40_rel.eps>
(epstopdf)             \includegraphics on input line 431.
Package epstopdf Info: Output file is already uptodate.

<plots/uniform_02_50_40_rel-eps-converted-to.pdf, id=253, 361.35pt x 252.945pt>
File: plots/uniform_02_50_40_rel-eps-converted-to.pdf Graphic file (type pdf)
<use plots/uniform_02_50_40_rel-eps-converted-to.pdf>
Package pdftex.def Info: plots/uniform_02_50_40_rel-eps-converted-to.pdf used o
n input line 431.
(pdftex.def)             Requested size: 240.74716pt x 168.5228pt.
Package epstopdf Info: Source file: <plots/uniform_03_50_40_rel.eps>
(epstopdf)                    date: 2016-12-22 02:56:39
(epstopdf)                    size: 23223 bytes
(epstopdf)             Output file: <plots/uniform_03_50_40_rel-eps-converted-t
o.pdf>
(epstopdf)                    date: 2016-12-22 03:03:54
(epstopdf)                    size: 7371 bytes
(epstopdf)             Command: <repstopdf --outfile=plots/uniform_03_50_40_rel
-eps-converted-to.pdf plots/uniform_03_50_40_rel.eps>
(epstopdf)             \includegraphics on input line 433.
Package epstopdf Info: Output file is already uptodate.
File: plots/uniform_03_50_40_rel-eps-converted-to.pdf Graphic file (type pdf)

<use plots/uniform_03_50_40_rel-eps-converted-to.pdf>
Package pdftex.def Info: plots/uniform_03_50_40_rel-eps-converted-to.pdf used o
n input line 433.
(pdftex.def)             Requested size: 240.74716pt x 168.5228pt.
Package epstopdf Info: Source file: <plots/uniform_04_50_40_rel.eps>
(epstopdf)                    date: 2016-12-22 02:56:40
(epstopdf)                    size: 22539 bytes
(epstopdf)             Output file: <plots/uniform_04_50_40_rel-eps-converted-t
o.pdf>
(epstopdf)                    date: 2017-01-25 08:21:32
(epstopdf)                    size: 7153 bytes
(epstopdf)             Command: <repstopdf --outfile=plots/uniform_04_50_40_rel
-eps-converted-to.pdf plots/uniform_04_50_40_rel.eps>
(epstopdf)             \includegraphics on input line 435.
Package epstopdf Info: Output file is already uptodate.
File: plots/uniform_04_50_40_rel-eps-converted-to.pdf Graphic file (type pdf)

<use plots/uniform_04_50_40_rel-eps-converted-to.pdf>
Package pdftex.def Info: plots/uniform_04_50_40_rel-eps-converted-to.pdf used o
n input line 435.
(pdftex.def)             Requested size: 240.74716pt x 168.5228pt.
Package epstopdf Info: Source file: <plots/uniform_049999_50_40_rel.eps>
(epstopdf)                    date: 2016-12-22 02:56:40
(epstopdf)                    size: 22789 bytes
(epstopdf)             Output file: <plots/uniform_049999_50_40_rel-eps-convert
ed-to.pdf>
(epstopdf)                    date: 2017-01-25 09:24:17
(epstopdf)                    size: 7312 bytes
(epstopdf)             Command: <repstopdf --outfile=plots/uniform_049999_50_40
_rel-eps-converted-to.pdf plots/uniform_049999_50_40_rel.eps>
(epstopdf)             \includegraphics on input line 437.
Package epstopdf Info: Output file is already uptodate.

<plots/uniform_049999_50_40_rel-eps-converted-to.pdf, id=254, 361.35pt x 252.94
5pt>
File: plots/uniform_049999_50_40_rel-eps-converted-to.pdf Graphic file (type pd
f)
 <use plots/uniform_049999_50_40_rel-eps-converted-to.pdf>
Package pdftex.def Info: plots/uniform_049999_50_40_rel-eps-converted-to.pdf us
ed on input line 437.
(pdftex.def)             Requested size: 240.74716pt x 168.5228pt.

Overfull \hbox (366.76115pt too wide) in paragraph at lines 431--437
 [][][][][] 
 []

Package epstopdf Info: Source file: <plots/uniform_02_50_40_abs.eps>
(epstopdf)                    date: 2016-12-22 02:56:39
(epstopdf)                    size: 23613 bytes
(epstopdf)             Output file: <plots/uniform_02_50_40_abs-eps-converted-t
o.pdf>
(epstopdf)                    date: 2017-01-25 09:31:27
(epstopdf)                    size: 7943 bytes
(epstopdf)             Command: <repstopdf --outfile=plots/uniform_02_50_40_abs
-eps-converted-to.pdf plots/uniform_02_50_40_abs.eps>
(epstopdf)             \includegraphics on input line 439.
Package epstopdf Info: Output file is already uptodate.

<plots/uniform_02_50_40_abs-eps-converted-to.pdf, id=255, 361.35pt x 252.945pt>
File: plots/uniform_02_50_40_abs-eps-converted-to.pdf Graphic file (type pdf)
<use plots/uniform_02_50_40_abs-eps-converted-to.pdf>
Package pdftex.def Info: plots/uniform_02_50_40_abs-eps-converted-to.pdf used o
n input line 439.
(pdftex.def)             Requested size: 240.74716pt x 168.5228pt.
Package epstopdf Info: Source file: <plots/uniform_03_50_40_abs.eps>
(epstopdf)                    date: 2016-12-22 02:56:39
(epstopdf)                    size: 23613 bytes
(epstopdf)             Output file: <plots/uniform_03_50_40_abs-eps-converted-t
o.pdf>
(epstopdf)                    date: 2016-12-22 03:03:54
(epstopdf)                    size: 7936 bytes
(epstopdf)             Command: <repstopdf --outfile=plots/uniform_03_50_40_abs
-eps-converted-to.pdf plots/uniform_03_50_40_abs.eps>
(epstopdf)             \includegraphics on input line 441.
Package epstopdf Info: Output file is already uptodate.
File: plots/uniform_03_50_40_abs-eps-converted-to.pdf Graphic file (type pdf)

<use plots/uniform_03_50_40_abs-eps-converted-to.pdf>
Package pdftex.def Info: plots/uniform_03_50_40_abs-eps-converted-to.pdf used o
n input line 441.
(pdftex.def)             Requested size: 240.74716pt x 168.5228pt.
Package epstopdf Info: Source file: <plots/uniform_04_50_40_abs.eps>
(epstopdf)                    date: 2016-12-22 02:56:40
(epstopdf)                    size: 23843 bytes
(epstopdf)             Output file: <plots/uniform_04_50_40_abs-eps-converted-t
o.pdf>
(epstopdf)                    date: 2017-01-25 09:31:27
(epstopdf)                    size: 7970 bytes
(epstopdf)             Command: <repstopdf --outfile=plots/uniform_04_50_40_abs
-eps-converted-to.pdf plots/uniform_04_50_40_abs.eps>
(epstopdf)             \includegraphics on input line 443.
Package epstopdf Info: Output file is already uptodate.

<plots/uniform_04_50_40_abs-eps-converted-to.pdf, id=256, 361.35pt x 252.945pt>
File: plots/uniform_04_50_40_abs-eps-converted-to.pdf Graphic file (type pdf)
<use plots/uniform_04_50_40_abs-eps-converted-to.pdf>
Package pdftex.def Info: plots/uniform_04_50_40_abs-eps-converted-to.pdf used o
n input line 443.
(pdftex.def)             Requested size: 240.74716pt x 168.5228pt.
Package epstopdf Info: Source file: <plots/uniform_049999_50_40_abs.eps>
(epstopdf)                    date: 2016-12-22 02:56:40
(epstopdf)                    size: 23863 bytes
(epstopdf)             Output file: <plots/uniform_049999_50_40_abs-eps-convert
ed-to.pdf>
(epstopdf)                    date: 2017-01-25 09:32:22
(epstopdf)                    size: 8098 bytes
(epstopdf)             Command: <repstopdf --outfile=plots/uniform_049999_50_40
_abs-eps-converted-to.pdf plots/uniform_049999_50_40_abs.eps>
(epstopdf)             \includegraphics on input line 445.
Package epstopdf Info: Output file is already uptodate.

<plots/uniform_049999_50_40_abs-eps-converted-to.pdf, id=257, 361.35pt x 252.94
5pt>
File: plots/uniform_049999_50_40_abs-eps-converted-to.pdf Graphic file (type pd
f)
 <use plots/uniform_049999_50_40_abs-eps-converted-to.pdf>
Package pdftex.def Info: plots/uniform_049999_50_40_abs-eps-converted-to.pdf us
ed on input line 445.
(pdftex.def)             Requested size: 240.74716pt x 168.5228pt.

Overfull \hbox (366.76115pt too wide) in paragraph at lines 439--445
 [][][][][] 
 []


LaTeX Warning: Float too large for page by 46.66182pt on input line 448.

[16 <./plots/uniform_02_50_40_rel-eps-converted-to.pdf> <./plots/uniform_049999
_50_40_rel-eps-converted-to.pdf> <./plots/uniform_02_50_40_abs-eps-converted-to
.pdf> <./plots/uniform_04_50_40_abs-eps-converted-to.pdf> <./plots/uniform_0499
99_50_40_abs-eps-converted-to.pdf>]
Missing character: There is no √ in font cmr10!
Missing character: There is no © in font cmr10!
Missing character: There is no √ in font cmr10!
Missing character: There is no ® in font cmr10!
 [17


]
Package epstopdf Info: Source file: <plots/uniform_04_50_60_time.eps>
(epstopdf)                    date: 2016-12-22 02:56:40
(epstopdf)                    size: 22649 bytes
(epstopdf)             Output file: <plots/uniform_04_50_60_time-eps-converted-
to.pdf>
(epstopdf)                    date: 2016-12-23 20:19:09
(epstopdf)                    size: 6963 bytes
(epstopdf)             Command: <repstopdf --outfile=plots/uniform_04_50_60_tim
e-eps-converted-to.pdf plots/uniform_04_50_60_time.eps>
(epstopdf)             \includegraphics on input line 461.
Package epstopdf Info: Output file is already uptodate.
File: plots/uniform_04_50_60_time-eps-converted-to.pdf Graphic file (type pdf)

<use plots/uniform_04_50_60_time-eps-converted-to.pdf>
Package pdftex.def Info: plots/uniform_04_50_60_time-eps-converted-to.pdf used 
on input line 461.
(pdftex.def)             Requested size: 152.22604pt x 106.55652pt.
Package epstopdf Info: Source file: <plots/gaussian_04_50_60_time.eps>
(epstopdf)                    date: 2016-12-23 20:14:56
(epstopdf)                    size: 22650 bytes
(epstopdf)             Output file: <plots/gaussian_04_50_60_time-eps-converted
-to.pdf>
(epstopdf)                    date: 2016-12-23 20:19:09
(epstopdf)                    size: 6973 bytes
(epstopdf)             Command: <repstopdf --outfile=plots/gaussian_04_50_60_ti
me-eps-converted-to.pdf plots/gaussian_04_50_60_time.eps>
(epstopdf)             \includegraphics on input line 463.
Package epstopdf Info: Output file is already uptodate.

<plots/gaussian_04_50_60_time-eps-converted-to.pdf, id=289, 361.35pt x 252.945p
t>
File: plots/gaussian_04_50_60_time-eps-converted-to.pdf Graphic file (type pdf)

 <use plots/gaussian_04_50_60_time-eps-converted-to.pdf>
Package pdftex.def Info: plots/gaussian_04_50_60_time-eps-converted-to.pdf used
 on input line 463.
(pdftex.def)             Requested size: 152.22604pt x 106.55652pt.
Package epstopdf Info: Source file: <plots/smallworld_04_50_60_time.eps>
(epstopdf)                    date: 2016-12-23 20:14:56
(epstopdf)                    size: 22873 bytes
(epstopdf)             Output file: <plots/smallworld_04_50_60_time-eps-convert
ed-to.pdf>
(epstopdf)                    date: 2016-12-23 20:19:09
(epstopdf)                    size: 7123 bytes
(epstopdf)             Command: <repstopdf --outfile=plots/smallworld_04_50_60_
time-eps-converted-to.pdf plots/smallworld_04_50_60_time.eps>
(epstopdf)             \includegraphics on input line 465.
Package epstopdf Info: Output file is already uptodate.

<plots/smallworld_04_50_60_time-eps-converted-to.pdf, id=290, 361.35pt x 252.94
5pt>
File: plots/smallworld_04_50_60_time-eps-converted-to.pdf Graphic file (type pd
f)
 <use plots/smallworld_04_50_60_time-eps-converted-to.pdf>
Package pdftex.def Info: plots/smallworld_04_50_60_time-eps-converted-to.pdf us
ed on input line 465.
(pdftex.def)             Requested size: 152.22604pt x 106.55652pt.
Package epstopdf Info: Source file: <plots/scalefree_04_50_60_time.eps>
(epstopdf)                    date: 2016-12-23 20:14:56
(epstopdf)                    size: 23107 bytes
(epstopdf)             Output file: <plots/scalefree_04_50_60_time-eps-converte
d-to.pdf>
(epstopdf)                    date: 2016-12-23 20:26:10
(epstopdf)                    size: 7157 bytes
(epstopdf)             Command: <repstopdf --outfile=plots/scalefree_04_50_60_t
ime-eps-converted-to.pdf plots/scalefree_04_50_60_time.eps>
(epstopdf)             \includegraphics on input line 467.
Package epstopdf Info: Output file is already uptodate.

<plots/scalefree_04_50_60_time-eps-converted-to.pdf, id=291, 361.35pt x 252.945
pt>
File: plots/scalefree_04_50_60_time-eps-converted-to.pdf Graphic file (type pdf
)
 <use plots/scalefree_04_50_60_time-eps-converted-to.pdf>
Package pdftex.def Info: plots/scalefree_04_50_60_time-eps-converted-to.pdf use
d on input line 467.
(pdftex.def)             Requested size: 152.22604pt x 106.55652pt.

Overfull \hbox (12.67668pt too wide) in paragraph at lines 461--467
 [][][][][] 
 []

Package epstopdf Info: Source file: <plots/uniform_04_50_60_rel.eps>
(epstopdf)                    date: 2016-12-22 02:56:40
(epstopdf)                    size: 22546 bytes
(epstopdf)             Output file: <plots/uniform_04_50_60_rel-eps-converted-t
o.pdf>
(epstopdf)                    date: 2016-12-23 20:19:09
(epstopdf)                    size: 7153 bytes
(epstopdf)             Command: <repstopdf --outfile=plots/uniform_04_50_60_rel
-eps-converted-to.pdf plots/uniform_04_50_60_rel.eps>
(epstopdf)             \includegraphics on input line 469.
Package epstopdf Info: Output file is already uptodate.
File: plots/uniform_04_50_60_rel-eps-converted-to.pdf Graphic file (type pdf)
<use plots/uniform_04_50_60_rel-eps-converted-to.pdf>
Package pdftex.def Info: plots/uniform_04_50_60_rel-eps-converted-to.pdf used o
n input line 469.
(pdftex.def)             Requested size: 152.22604pt x 106.55652pt.
Package epstopdf Info: Source file: <plots/gaussian_04_50_60_rel.eps>
(epstopdf)                    date: 2016-12-23 20:15:36
(epstopdf)                    size: 22780 bytes
(epstopdf)             Output file: <plots/gaussian_04_50_60_rel-eps-converted-
to.pdf>
(epstopdf)                    date: 2016-12-23 20:19:10
(epstopdf)                    size: 7184 bytes
(epstopdf)             Command: <repstopdf --outfile=plots/gaussian_04_50_60_re
l-eps-converted-to.pdf plots/gaussian_04_50_60_rel.eps>
(epstopdf)             \includegraphics on input line 471.
Package epstopdf Info: Output file is already uptodate.

<plots/gaussian_04_50_60_rel-eps-converted-to.pdf, id=292, 361.35pt x 252.945pt
>
File: plots/gaussian_04_50_60_rel-eps-converted-to.pdf Graphic file (type pdf)
 <use plots/gaussian_04_50_60_rel-eps-converted-to.pdf>
Package pdftex.def Info: plots/gaussian_04_50_60_rel-eps-converted-to.pdf used 
on input line 471.
(pdftex.def)             Requested size: 152.22604pt x 106.55652pt.
Package epstopdf Info: Source file: <plots/smallworld_04_50_60_rel.eps>
(epstopdf)                    date: 2016-12-23 20:15:36
(epstopdf)                    size: 22773 bytes
(epstopdf)             Output file: <plots/smallworld_04_50_60_rel-eps-converte
d-to.pdf>
(epstopdf)                    date: 2016-12-23 20:19:10
(epstopdf)                    size: 7199 bytes
(epstopdf)             Command: <repstopdf --outfile=plots/smallworld_04_50_60_
rel-eps-converted-to.pdf plots/smallworld_04_50_60_rel.eps>
(epstopdf)             \includegraphics on input line 473.
Package epstopdf Info: Output file is already uptodate.

<plots/smallworld_04_50_60_rel-eps-converted-to.pdf, id=293, 361.35pt x 252.945
pt>
File: plots/smallworld_04_50_60_rel-eps-converted-to.pdf Graphic file (type pdf
)
 <use plots/smallworld_04_50_60_rel-eps-converted-to.pdf>
Package pdftex.def Info: plots/smallworld_04_50_60_rel-eps-converted-to.pdf use
d on input line 473.
(pdftex.def)             Requested size: 152.22604pt x 106.55652pt.
Package epstopdf Info: Source file: <plots/scalefree_04_50_60_rel.eps>
(epstopdf)                    date: 2016-12-23 20:15:36
(epstopdf)                    size: 22782 bytes
(epstopdf)             Output file: <plots/scalefree_04_50_60_rel-eps-converted
-to.pdf>
(epstopdf)                    date: 2016-12-23 20:26:10
(epstopdf)                    size: 7191 bytes
(epstopdf)             Command: <repstopdf --outfile=plots/scalefree_04_50_60_r
el-eps-converted-to.pdf plots/scalefree_04_50_60_rel.eps>
(epstopdf)             \includegraphics on input line 475.
Package epstopdf Info: Output file is already uptodate.

<plots/scalefree_04_50_60_rel-eps-converted-to.pdf, id=294, 361.35pt x 252.945p
t>
File: plots/scalefree_04_50_60_rel-eps-converted-to.pdf Graphic file (type pdf)

 <use plots/scalefree_04_50_60_rel-eps-converted-to.pdf>
Package pdftex.def Info: plots/scalefree_04_50_60_rel-eps-converted-to.pdf used
 on input line 475.
(pdftex.def)             Requested size: 152.22604pt x 106.55652pt.

Overfull \hbox (12.67668pt too wide) in paragraph at lines 469--476
 [][][][][] 
 []

[18

 <./plots/gaussian_04_50_60_time-eps-converted-to.pdf> <./plots/smallworld_04_5
0_60_time-eps-converted-to.pdf> <./plots/scalefree_04_50_60_time-eps-converted-
to.pdf> <./plots/gaussian_04_50_60_rel-eps-converted-to.pdf> <./plots/smallworl
d_04_50_60_rel-eps-converted-to.pdf> <./plots/scalefree_04_50_60_rel-eps-conver
ted-to.pdf>]

LaTeX Warning: Reference `GAUSSIAN_E_02_W_20_D_100' on page 19 undefined on inp
ut line 482.


LaTeX Warning: Reference `SCALE_FREE_E_02_W_20_D_100' on page 19 undefined on i
nput line 482.


LaTeX Warning: Reference `GAUSSIAN_E_02_W_20_D_100' on page 19 undefined on inp
ut line 482.


LaTeX Warning: Reference `GAUSSIAN_E_02_W_20_D_10' on page 19 undefined on inpu
t line 482.


Underfull \hbox (badness 10000) in paragraph at lines 482--483

 []


LaTeX Warning: Reference `GAUSSIAN_E_02_W_80_D_100' on page 19 undefined on inp
ut line 488.


LaTeX Warning: Reference `SMALL_WORLD_E_02_W_80_D_100' on page 19 undefined on 
input line 488.


LaTeX Warning: Reference `UNIFORM_BIG_RUN_EPS' on page 19 undefined on input li
ne 496.


Underfull \hbox (badness 10000) in paragraph at lines 496--498

 []


Underfull \hbox (badness 10000) in paragraph at lines 499--500

 []

[19

]
Package epstopdf Info: Source file: <plots/same_gap.eps>
(epstopdf)                    date: 2017-01-23 15:43:02
(epstopdf)                    size: 29399 bytes
(epstopdf)             Output file: <plots/same_gap-eps-converted-to.pdf>
(epstopdf)                    date: 2017-01-23 15:55:10
(epstopdf)                    size: 6489 bytes
(epstopdf)             Command: <repstopdf --outfile=plots/same_gap-eps-convert
ed-to.pdf plots/same_gap.eps>
(epstopdf)             \includegraphics on input line 564.
Package epstopdf Info: Output file is already uptodate.
 <plots/same_gap-eps-converted-to.pdf, id=333, 361.35pt x 252.945pt>
File: plots/same_gap-eps-converted-to.pdf Graphic file (type pdf)

<use plots/same_gap-eps-converted-to.pdf>
Package pdftex.def Info: plots/same_gap-eps-converted-to.pdf used on input line
 564.
(pdftex.def)             Requested size: 194.4492pt x 136.11353pt.
Package epstopdf Info: Source file: <plots/diff_gap.eps>
(epstopdf)                    date: 2017-01-23 15:47:43
(epstopdf)                    size: 29954 bytes
(epstopdf)             Output file: <plots/diff_gap-eps-converted-to.pdf>
(epstopdf)                    date: 2017-01-23 15:55:10
(epstopdf)                    size: 6579 bytes
(epstopdf)             Command: <repstopdf --outfile=plots/diff_gap-eps-convert
ed-to.pdf plots/diff_gap.eps>
(epstopdf)             \includegraphics on input line 566.
Package epstopdf Info: Output file is already uptodate.

<plots/diff_gap-eps-converted-to.pdf, id=334, 361.35pt x 252.945pt>
File: plots/diff_gap-eps-converted-to.pdf Graphic file (type pdf)

<use plots/diff_gap-eps-converted-to.pdf>
Package pdftex.def Info: plots/diff_gap-eps-converted-to.pdf used on input line
 566.
(pdftex.def)             Requested size: 194.4492pt x 136.11353pt.

Overfull \hbox (18.51466pt too wide) in paragraph at lines 564--567
 [][][] 
 []

[20]
Underfull \hbox (badness 10000) in paragraph at lines 588--589
[]\OT1/cmr/m/sc/8 Beman Dawes, David Abra-hams, Rene Rivera\OT1/cmr/m/n/8 , Boo
st C++ Li-braries.
 []

Missing character: There is no ‚ in font cmti8!
Missing character: There is no Ä in font cmti8!
Missing character: There is no ì in font cmti8!
[21 <./plots/same_gap-eps-converted-to.pdf> <./plots/diff_gap-eps-converted-to.
pdf>] (./lexample.aux)

LaTeX Warning: There were undefined references.

 ) 
Here is how much of TeX's memory you used:
 5986 strings out of 493013
 94677 string characters out of 6139317
 168366 words of memory out of 5000000
 9371 multiletter control sequences out of 15000+600000
 10375 words of font info for 38 fonts, out of 8000000 for 9000
 1141 hyphenation exceptions out of 8191
 68i,12n,98p,1282b,582s stack positions out of 5000i,500n,10000p,200000b,80000s
</usr/share/texmf-dist/fonts/type1/public/amsfonts/cm/cmbx10.pfb></usr/share/
texmf-dist/fonts/type1/public/amsfonts/cm/cmbx8.pfb></usr/share/texmf-dist/font
s/type1/public/amsfonts/cm/cmcsc10.pfb></usr/share/texmf-dist/fonts/type1/publi
c/amsfonts/cm/cmex10.pfb></usr/share/texmf-dist/fonts/type1/public/amsfonts/cm/
cmmi10.pfb></usr/share/texmf-dist/fonts/type1/public/amsfonts/cm/cmmi5.pfb></us
r/share/texmf-dist/fonts/type1/public/amsfonts/cm/cmmi6.pfb></usr/share/texmf-d
ist/fonts/type1/public/amsfonts/cm/cmmi7.pfb></usr/share/texmf-dist/fonts/type1
/public/amsfonts/cm/cmmi8.pfb></usr/share/texmf-dist/fonts/type1/public/amsfont
s/cm/cmmi9.pfb></usr/share/texmf-dist/fonts/type1/public/amsfonts/cm/cmr10.pfb>
</usr/share/texmf-dist/fonts/type1/public/amsfonts/cm/cmr5.pfb></usr/share/texm
f-dist/fonts/type1/public/amsfonts/cm/cmr6.pfb></usr/share/texmf-dist/fonts/typ
e1/public/amsfonts/cm/cmr7.pfb></usr/share/texmf-dist/fonts/type1/public/amsfon
ts/cm/cmr8.pfb></usr/share/texmf-dist/fonts/type1/public/amsfonts/cm/cmr9.pfb><
/usr/share/texmf-dist/fonts/type1/public/amsfonts/cm/cmss10.pfb></usr/share/tex
mf-dist/fonts/type1/public/amsfonts/cm/cmsy10.pfb></usr/share/texmf-dist/fonts/
type1/public/amsfonts/cm/cmsy6.pfb></usr/share/texmf-dist/fonts/type1/public/am
sfonts/cm/cmsy7.pfb></usr/share/texmf-dist/fonts/type1/public/amsfonts/cm/cmsy8
.pfb></usr/share/texmf-dist/fonts/type1/public/amsfonts/cm/cmsy9.pfb></usr/shar
e/texmf-dist/fonts/type1/public/amsfonts/cm/cmti10.pfb></usr/share/texmf-dist/f
onts/type1/public/amsfonts/cm/cmti8.pfb></usr/share/texmf-dist/fonts/type1/publ
ic/amsfonts/cm/cmtt10.pfb></usr/share/texmf-dist/fonts/type1/public/amsfonts/cm
/cmtt8.pfb>
Output written on lexample.pdf (21 pages, 517082 bytes).
PDF statistics:
 436 PDF objects out of 1000 (max. 8388607)
 298 compressed objects within 3 object streams
 0 named destinations out of 1000 (max. 500000)
 216 words of extra memory for PDF output out of 10000 (max. 10000000)

